d:\cantera-rconstruct\cantera-construct-6.4\yaml-convector-2.0\build\yaml-convector-2.0\yaml-convector-2.0-exe.dir\debug\vc143.pdb
d:\cantera-rconstruct\cantera-construct-6.4\yaml-convector-2.0\build\yaml-convector-2.0\yaml-convector-2.0-exe.dir\debug\yaml-convector-2.0.obj
d:\cantera-rconstruct\cantera-construct-6.4\yaml-convector-2.0\build\yaml-convector-2.0\yaml-convector-2.0-exe.dir\debug\mechanismtest.obj
d:\cantera-rconstruct\cantera-construct-6.4\yaml-convector-2.0\build\yaml-convector-2.0\yaml-convector-2.0-exe.dir\debug\idealgasphase.obj
d:\cantera-rconstruct\cantera-construct-6.4\yaml-convector-2.0\build\yaml-convector-2.0\yaml-convector-2.0-exe.dir\debug\chemistryvars.obj
d:\cantera-rconstruct\cantera-construct-6.4\yaml-convector-2.0\build\yaml-convector-2.0\yaml-convector-2.0-exe.dir\debug\chemistryio.obj
d:\cantera-rconstruct\cantera-construct-6.4\yaml-convector-2.0\build\yaml-convector-2.0\yaml-convector-2.0-exe.dir\debug\chemequil.obj
d:\cantera-rconstruct\cantera-construct-6.4\yaml-convector-2.0\build\yaml-convector-2.0\cmakefiles\generate.stamp
d:\cantera-rconstruct\cantera-construct-6.4\yaml-convector-2.0\build\yaml-convector-2.0\debug\yaml-convector-2.0.exe
d:\cantera-rconstruct\cantera-construct-6.4\yaml-convector-2.0\build\yaml-convector-2.0\debug\yaml-convector-2.0.pdb
d:\cantera-rconstruct\cantera-construct-6.4\yaml-convector-2.0\build\yaml-convector-2.0\yaml-convector-2.0-exe.dir\debug\yaml-convector-2.0.ilk
d:\cantera-rconstruct\cantera-construct-6.4\yaml-convector-2.0\build\yaml-convector-2.0\yaml-convector-2.0-exe.dir\debug\yaml-con.21698503.tlog\cl.command.1.tlog
d:\cantera-rconstruct\cantera-construct-6.4\yaml-convector-2.0\build\yaml-convector-2.0\yaml-convector-2.0-exe.dir\debug\yaml-con.21698503.tlog\cl.items.tlog
d:\cantera-rconstruct\cantera-construct-6.4\yaml-convector-2.0\build\yaml-convector-2.0\yaml-convector-2.0-exe.dir\debug\yaml-con.21698503.tlog\cl.read.1.tlog
d:\cantera-rconstruct\cantera-construct-6.4\yaml-convector-2.0\build\yaml-convector-2.0\yaml-convector-2.0-exe.dir\debug\yaml-con.21698503.tlog\cl.write.1.tlog
d:\cantera-rconstruct\cantera-construct-6.4\yaml-convector-2.0\build\yaml-convector-2.0\yaml-convector-2.0-exe.dir\debug\yaml-con.21698503.tlog\custombuild.command.1.tlog
d:\cantera-rconstruct\cantera-construct-6.4\yaml-convector-2.0\build\yaml-convector-2.0\yaml-convector-2.0-exe.dir\debug\yaml-con.21698503.tlog\custombuild.read.1.tlog
d:\cantera-rconstruct\cantera-construct-6.4\yaml-convector-2.0\build\yaml-convector-2.0\yaml-convector-2.0-exe.dir\debug\yaml-con.21698503.tlog\custombuild.write.1.tlog
d:\cantera-rconstruct\cantera-construct-6.4\yaml-convector-2.0\build\yaml-convector-2.0\yaml-convector-2.0-exe.dir\debug\yaml-con.21698503.tlog\link.command.1.tlog
d:\cantera-rconstruct\cantera-construct-6.4\yaml-convector-2.0\build\yaml-convector-2.0\yaml-convector-2.0-exe.dir\debug\yaml-con.21698503.tlog\link.read.1.tlog
d:\cantera-rconstruct\cantera-construct-6.4\yaml-convector-2.0\build\yaml-convector-2.0\yaml-convector-2.0-exe.dir\debug\yaml-con.21698503.tlog\link.secondary.1.tlog
d:\cantera-rconstruct\cantera-construct-6.4\yaml-convector-2.0\build\yaml-convector-2.0\yaml-convector-2.0-exe.dir\debug\yaml-con.21698503.tlog\link.write.1.tlog
